C51 COMPILER V9.59.0.0   PWM                                                               11/08/2020 15:01:46 PAGE 1   


C51 COMPILER V9.59.0.0, COMPILATION OF MODULE PWM
OBJECT MODULE PLACED IN .\Objects\pwm.obj
COMPILER INVOKED BY: C:\Keil_v5\C51\BIN\C51.EXE pwm.c OPTIMIZE(8,SPEED) BROWSE DEBUG OBJECTEXTEND PRINT(.\Listings\pwm.l
                    -st) TABS(2) OBJECT(.\Objects\pwm.obj)

line level    source

   1          #include <STC15F2K60S2.H>
   2          #include "typedef.h"
   3          
   4          #define PWM_CYCLE 41536.0
   5          
   6          sbit pwmpin = P0^0;
   7          
   8          float high_t,low_t;
   9          
  10          void Timer0Init(void)   //2000微秒@12.000MHz
  11          {
  12   1        AUXR |= 0x80;   //定时器时钟1T模式
  13   1        TMOD &= 0xF0;   //设置定时器模式
  14   1        T2H = (65536 - (uint8_t)(PWM_CYCLE*high_t)) / 256;
  15   1        T2L = (65536 - (uint8_t)(PWM_CYCLE*high_t)) % 256;
  16   1        TF0 = 0;    //清除TF0标志
  17   1        
  18   1        ET0 = 1;
  19   1        EA = 1;
  20   1        TR0 = 1;    //定时器0开始计时
  21   1      }
  22          
  23          
  24          void pwm_write(float duty_cycle){
  25   1        
  26   1        pwmpin = 1;
  27   1        
  28   1        high_t = duty_cycle * 0.1;
  29   1        low_t = 1.0 - high_t;
  30   1        
  31   1        Timer0Init();
  32   1      }
  33          
  34          void Timer0Int() interrupt 1{
  35   1        
  36   1        if(pwmpin){
  37   2          pwmpin = 0;
  38   2          T2H = (65536 - (uint8_t)(PWM_CYCLE*low_t)) / 256;
  39   2          T2L = (65536 - (uint8_t)(PWM_CYCLE*low_t)) % 256;
  40   2        }else{
  41   2          //否则 填装高电平
  42   2          pwmpin = 1;
  43   2          T2H = (65536 - (uint8_t)(PWM_CYCLE*high_t)) / 256;
  44   2          T2L = (65536 - (uint8_t)(PWM_CYCLE*high_t)) % 256;
  45   2        }
  46   1      
  47   1      }


MODULE INFORMATION:   STATIC OVERLAYABLE
   CODE SIZE        =    416    ----
   CONSTANT SIZE    =   ----    ----
   XDATA SIZE       =   ----    ----
   PDATA SIZE       =   ----    ----
C51 COMPILER V9.59.0.0   PWM                                                               11/08/2020 15:01:46 PAGE 2   

   DATA SIZE        =      8       4
   IDATA SIZE       =   ----    ----
   BIT SIZE         =   ----    ----
END OF MODULE INFORMATION.


C51 COMPILATION COMPLETE.  0 WARNING(S),  0 ERROR(S)
