C51 COMPILER V9.59.0.0   KEY                                                               11/06/2020 17:57:04 PAGE 1   


C51 COMPILER V9.59.0.0, COMPILATION OF MODULE KEY
OBJECT MODULE PLACED IN .\Objects\key.obj
COMPILER INVOKED BY: C:\Keil_v5\C51\BIN\C51.EXE key.c OPTIMIZE(8,SPEED) BROWSE DEBUG OBJECTEXTEND PRINT(.\Listings\key.l
                    -st) TABS(2) OBJECT(.\Objects\key.obj)

line level    source

   1          #include "STC15F2K60S2.H"
   2          #include "key.h"
   3          
   4          unsigned char Key_Read(void)
   5          { 
   6   1        unsigned int Key_New;
   7   1        unsigned char Key_Val;
   8   1      
   9   1        P44 = 0; P42 = 1; P35 = 1; P34 = 1;   //扫描第1列 
  10   1        Key_New = (P3 & 0x0f);
  11   1        P44 = 1; P42 = 0; P35 = 1; P34 = 1;   //扫描第2列
  12   1        Key_New = ((Key_New<<4) | (P3 & 0x0f));
  13   1        P44 = 1; P42 = 1; P35 = 0; P34 = 1;   //扫描第3列
  14   1        Key_New = ((Key_New<<4) | (P3 & 0x0f));
  15   1        P44 = 1; P42 = 1; P35 = 1; P34 = 0;   //扫描第4列
  16   1        Key_New = ((Key_New<<4) | (P3 & 0x0f));
  17   1      
  18   1        switch (~Key_New)
  19   1        {
  20   2          case 0x8000: Key_Val = 4; break;  //S*和Key_Val值相对应
  21   2          case 0x4000: Key_Val = 5; break;  //S*和Key_Val值相对应 
  22   2          case 0x2000: Key_Val = 6; break;  //S*和Key_Val值相对应
  23   2          case 0x1000: Key_Val = 7; break;  //S*和Key_Val值相对应 
  24   2          case 0x0800: Key_Val = 8; break;  //S*和Key_Val值相对应
  25   2          case 0x0400: Key_Val = 9; break;  //S*和Key_Val值相对应 
  26   2          case 0x0200: Key_Val = 10; break;  //S*和Key_Val值相对应
  27   2          case 0x0100: Key_Val = 11; break;  //S*和Key_Val值相对应  
  28   2          case 0x0080: Key_Val = 12; break;  //S*和Key_Val值相对应
  29   2          case 0x0040: Key_Val = 13; break;  //S*和Key_Val值相对应  
  30   2          case 0x0020: Key_Val = 14; break;  //S*和Key_Val值相对应
  31   2          case 0x0010: Key_Val = 15; break;  //S*和Key_Val值相对应  
  32   2          case 0x0008: Key_Val = 16; break;  //S*和Key_Val值相对应
  33   2          case 0x0004: Key_Val = 17; break;  //S*和Key_Val值相对应  
  34   2          case 0x0002: Key_Val = 18; break;  //S*和Key_Val值相对应
  35   2          case 0x0001: Key_Val = 19; break;  //S*和Key_Val值相对应  
  36   2          default : Key_Val = 0;  
  37   2        }
  38   1        return Key_Val;
  39   1      }
  40          
  41          
  42          
  43          
  44          


MODULE INFORMATION:   STATIC OVERLAYABLE
   CODE SIZE        =    263    ----
   CONSTANT SIZE    =   ----    ----
   XDATA SIZE       =   ----    ----
   PDATA SIZE       =   ----    ----
   DATA SIZE        =   ----       1
   IDATA SIZE       =   ----    ----
   BIT SIZE         =   ----    ----
C51 COMPILER V9.59.0.0   KEY                                                               11/06/2020 17:57:04 PAGE 2   

END OF MODULE INFORMATION.


C51 COMPILATION COMPLETE.  0 WARNING(S),  0 ERROR(S)
