C51 COMPILER V9.59.0.0   MAIN                                                              11/06/2020 17:57:04 PAGE 1   


C51 COMPILER V9.59.0.0, COMPILATION OF MODULE MAIN
OBJECT MODULE PLACED IN .\Objects\main.obj
COMPILER INVOKED BY: C:\Keil_v5\C51\BIN\C51.EXE main.c OPTIMIZE(8,SPEED) BROWSE DEBUG OBJECTEXTEND PRINT(.\Listings\main
                    -.lst) TABS(2) OBJECT(.\Objects\main.obj)

line level    source

   1          #include "STC15F2K60S2.H"
   2          #include "stdio.h"
   3          #include "tim.h"
   4          #include "delay.h"
   5          #include "typedef.h"
   6          #include "hc138.h"
   7          #include "led.h"
   8          #include "seg.h"
   9          #include "key.h"
  10          #include "iic.h"
  11          #include "boolean.h"
  12          #include "dkey.h"
  13          
  14          sbit LED = P0^0;
  15          
  16          
  17          uint8_t s[9] = "-1- 0120";
  18          
  19          
  20          //记录时间切换档位 默认：120秒（1档）
  21          uint8_t sec_mode = 1;
  22          //可以读取光敏电阻的数值了
  23          uint8_t pr_can_proc = 1;
  24          
  25          //模式一里的倒计时计数器
  26          uint16_t sec,sec_count,pr_count;
  27          
  28          void init(){
  29   1        
  30   1        Cls_Peripheral();
  31   1        Timer1Init();
  32   1        reset_sel();
  33   1      
  34   1      
  35   1      }
  36          
  37          void mode1(){
  38   1        
  39   1        sec = 120;
  40   1        
  41   1        while(1){
  42   2          sprintf(s, "-1- 0%03d", sec);
  43   2          seg_display(s);
  44   2          
  45   2          //S4按键被按下，退出函数
  46   2          if(s4_is_pressed())return;
  47   2          
  48   2          //如果s5按键被按下，调整时间
  49   2          if(s5_is_pressed()){
  50   3      
  51   3            switch(sec_mode){
  52   4              case(0):
  53   4                sec_mode = 1;
  54   4                sec = 120;
C51 COMPILER V9.59.0.0   MAIN                                                              11/06/2020 17:57:04 PAGE 2   

  55   4                break;
  56   4              case(1):
  57   4                sec_mode = 2;
  58   4                sec = 240;
  59   4                break;
  60   4              default:
  61   4                sec_mode = 0;
  62   4                sec = 0;
  63   4            }
  64   3      
  65   3          }
  66   2        }
  67   1      
  68   1      }
  69          
  70          void mode2(){
  71   1      
  72   1        uint8_t temp;
  73   1        while(1){
  74   2          //如果读光敏电阻的标志=1 说明可以刷新数值了
  75   2          if(pr_can_proc){
  76   3            pr_can_proc = 0;
  77   3            temp = PCF891_Adc();
  78   3          }
  79   2          
  80   2          sprintf(s, "%03d  25C", (uint16_t)temp);
  81   2          seg_display(s);
  82   2          
  83   2          //S4按键被按下，退出函数
  84   2          if(s4_is_pressed())return;
  85   2        }
  86   1        
  87   1        
  88   1      
  89   1      }
  90          
  91          /*
  92          void SentByte(uint8_t x)
  93          {
  94            SBUF=x;
  95            while(TI==0);
  96            TI=0;
  97          }
  98          */
  99          
 100          void main(){
 101   1        
 102   1        init();
 103   1        P0 = 0xFF;
 104   1        
 105   1        while(1){
 106   2          
 107   2          //mode1();
 108   2          mode2();
 109   2        
 110   2        }
 111   1        
 112   1      }
 113          
 114          
 115          void timer1_int() interrupt 3{
 116   1        
C51 COMPILER V9.59.0.0   MAIN                                                              11/06/2020 17:57:04 PAGE 3   

 117   1        if(++sec_count >= 1000){
 118   2          sec_count = 0;
 119   2          if(sec > 0){
 120   3            sec--;
 121   3          }
 122   2        }
 123   1        
 124   1        if(++pr_count >= 500){
 125   2          pr_count = 0;
 126   2          pr_can_proc = 1;
 127   2        }
 128   1      
 129   1      }


MODULE INFORMATION:   STATIC OVERLAYABLE
   CODE SIZE        =    236    ----
   CONSTANT SIZE    =     20    ----
   XDATA SIZE       =   ----    ----
   PDATA SIZE       =   ----    ----
   DATA SIZE        =     17       1
   IDATA SIZE       =   ----    ----
   BIT SIZE         =   ----    ----
END OF MODULE INFORMATION.


C51 COMPILATION COMPLETE.  0 WARNING(S),  0 ERROR(S)
