C51 COMPILER V9.59.0.0   24C02                                                             11/13/2020 10:03:00 PAGE 1   


C51 COMPILER V9.59.0.0, COMPILATION OF MODULE 24C02
OBJECT MODULE PLACED IN .\Objects\24c02.obj
COMPILER INVOKED BY: C:\Keil_v5\C51\BIN\C51.EXE 24c02.c OPTIMIZE(8,SPEED) BROWSE DEBUG OBJECTEXTEND PRINT(.\Listings\24c
                    -02.lst) TABS(2) OBJECT(.\Objects\24c02.obj)

line level    source

   1          #include <STC15F2K60S2.H>
   2          #include "iic.h"
   3          #include "typedef.h"
   4          
   5          void write_temp(unsigned char *temp){
   6   1      
   7   1        EEPROM_WRITE(&temp, 0, 1);
*** WARNING C182 IN LINE 7 OF 24c02.c: pointer to different objects
   8   1        
   9   1      }
  10          
  11          uint8_t read_temp(){
  12   1      
  13   1        uint8_t *temp;
  14   1        *temp = 0;
  15   1        EEPROM_READ(&temp, 0, 1);
*** WARNING C182 IN LINE 15 OF 24c02.c: pointer to different objects
  16   1        return temp;
  17   1      }


MODULE INFORMATION:   STATIC OVERLAYABLE
   CODE SIZE        =     45    ----
   CONSTANT SIZE    =   ----    ----
   XDATA SIZE       =   ----    ----
   PDATA SIZE       =   ----    ----
   DATA SIZE        =   ----       6
   IDATA SIZE       =   ----    ----
   BIT SIZE         =   ----    ----
END OF MODULE INFORMATION.


C51 COMPILATION COMPLETE.  2 WARNING(S),  0 ERROR(S)
