C51 COMPILER V9.59.0.0   BEEP                                                              11/13/2020 11:35:18 PAGE 1   


C51 COMPILER V9.59.0.0, COMPILATION OF MODULE BEEP
OBJECT MODULE PLACED IN .\Objects\beep.obj
COMPILER INVOKED BY: C:\Keil_v5\C51\BIN\C51.EXE beep.c OPTIMIZE(8,SPEED) BROWSE DEBUG OBJECTEXTEND PRINT(.\Listings\beep
                    -.lst) TABS(2) OBJECT(.\Objects\beep.obj)

line level    source

   1          #include <STC15F2K60S2.H>
   2          #include "boolean.h"
   3          #include "hc138.h"
   4          #include "delay.h"
   5          
   6          sbit BEEP = P0^6;
   7          bool b_status;
   8          
   9          //bb: 布尔类型，true蜂鸣器响，flase蜂鸣器关
  10          void set_beep(bool bb){
  11   1        
  12   1        //选中Y5C引脚以控制锁存器对应连接到的ULN2003缓冲器芯片用于驱动蜂鸣器
  13   1        chip_sel(BUFFER);
  14   1        P0 = 0x00;
  15   1        BEEP = bb;
  16   1        b_status = bb;
  17   1        chip_sel(LED_BUS);
  18   1        P0 = 0xFF;
  19   1      }
  20          
  21          void togg_beep(){
  22   1      
  23   1        set_beep(!b_status);
  24   1      }


MODULE INFORMATION:   STATIC OVERLAYABLE
   CODE SIZE        =     41    ----
   CONSTANT SIZE    =   ----    ----
   XDATA SIZE       =   ----    ----
   PDATA SIZE       =   ----    ----
   DATA SIZE        =      1       1
   IDATA SIZE       =   ----    ----
   BIT SIZE         =   ----    ----
END OF MODULE INFORMATION.


C51 COMPILATION COMPLETE.  0 WARNING(S),  0 ERROR(S)
