C51 COMPILER V9.59.0.0   HC138                                                             11/13/2020 11:35:17 PAGE 1   


C51 COMPILER V9.59.0.0, COMPILATION OF MODULE HC138
OBJECT MODULE PLACED IN .\Objects\hc138.obj
COMPILER INVOKED BY: C:\Keil_v5\C51\BIN\C51.EXE hc138.c OPTIMIZE(8,SPEED) BROWSE DEBUG OBJECTEXTEND PRINT(.\Listings\hc1
                    -38.lst) TABS(2) OBJECT(.\Objects\hc138.obj)

line level    source

   1          #include <STC15F2K60S2.H>
   2          #include "typedef.h"
   3          #include "hc138.h"
   4          
   5          sbit LSA = P2^5;
   6          sbit LSB = P2^6;
   7          sbit LSC = P2^7;
   8          
   9          //片选74HC138译码器的引脚
  10          //selbit:选中的引脚位
  11          void chip_sel(uint8_t selbit){
  12   1      
  13   1        LSA = selbit & 0x01;
  14   1        LSB = (selbit >> 1) & 0x01;
  15   1        LSC = (selbit >> 2) & 0x01;
  16   1      
  17   1      }


MODULE INFORMATION:   STATIC OVERLAYABLE
   CODE SIZE        =     19    ----
   CONSTANT SIZE    =   ----    ----
   XDATA SIZE       =   ----    ----
   PDATA SIZE       =   ----    ----
   DATA SIZE        =   ----    ----
   IDATA SIZE       =   ----    ----
   BIT SIZE         =   ----    ----
END OF MODULE INFORMATION.


C51 COMPILATION COMPLETE.  0 WARNING(S),  0 ERROR(S)
