C51 COMPILER V9.59.0.0   MAIN                                                              11/13/2020 11:35:17 PAGE 1   


C51 COMPILER V9.59.0.0, COMPILATION OF MODULE MAIN
OBJECT MODULE PLACED IN .\Objects\main.obj
COMPILER INVOKED BY: C:\Keil_v5\C51\BIN\C51.EXE main.c OPTIMIZE(8,SPEED) BROWSE DEBUG OBJECTEXTEND PRINT(.\Listings\main
                    -.lst) TABS(2) OBJECT(.\Objects\main.obj)

line level    source

   1          #include <STC15F2K60S2.H>
   2          #include "uart.h"
   3          #include "typedef.h"
   4          #include "delay.h"
   5          #include "tim.h"
   6          #include "hc138.h"
   7          #include "seg.h"
   8          #include "stdio.h"
   9          #include "dkey.h"
  10          #include "iic.h"
  11          #include "onewire.h"
  12          #include "beep.h"
  13          #include "boolean.h"
  14          
  15          
  16          uint8_t temp,last_temp;
  17          uint8_t seg_data[9];
  18          uint16_t currtime = 30000;
  19          uint16_t beep_lasttime,t,bt,dis_beep_time;
  20          bool en_beep = true;
  21          
  22          void init(){
  23   1        
  24   1        Cls_Peripheral();
  25   1        uart_init();
  26   1        Timer0Init();
  27   1        //读ROM里保存的温度阈值数据
  28   1        EEPROM_READ(&temp, 0, 1);
  29   1        last_temp = temp;
  30   1        
  31   1      }
  32          
  33          void mode1(){
  34   1        
  35   1        uint8_t ctemp = rd_temperature()/16.0;
  36   1        
  37   1        //刷新数码管显示
  38   1        sprintf(seg_data, "%02dC  %02dC", (uint16_t)temp, (uint16_t)ctemp);
  39   1        //sprintf(seg_data, "%08u", (uint16_t)currtime);
  40   1        seg_display(seg_data);
  41   1        
  42   1        
  43   1        //处理按键
  44   1        if(s6_is_pressed()){
  45   2          if(++temp >= 99) temp = 99;
  46   2        }else if(s5_is_pressed()){
  47   2          if(temp-- <= 0) temp = 0;
  48   2        }else if(s4_is_pressed()){
  49   2          
  50   2          if(en_beep){
  51   3            en_beep = false;
  52   3            set_beep(false);
  53   3            dis_beep_time = currtime;
  54   3          }
C51 COMPILER V9.59.0.0   MAIN                                                              11/13/2020 11:35:17 PAGE 2   

  55   2          
  56   2        }
  57   1        
  58   1        
  59   1        //阈值温度被更新了
  60   1        if(temp != last_temp){
  61   2          
  62   2          //检查温度合法性
  63   2          if(temp >= 99){
  64   3            temp = 99;
  65   3          }
  66   2          
  67   2          if(temp <= 0){
  68   3            temp = 0;
  69   3          }
  70   2          
  71   2          //更新阈值温度值并写入ROM中
  72   2          last_temp = temp;
  73   2          EEPROM_WRITE(&temp, 0, 1);
  74   2        }
  75   1        
  76   1      
  77   1        
  78   1        //是否达到提醒温度
  79   1        if(ctemp < temp){
  80   2          t = currtime - beep_lasttime;
  81   2          if(t < 0)t = t + 65535;
  82   2          
  83   2          //蜂鸣器是否已经警用
  84   2          if(!en_beep){
  85   3            bt = currtime - dis_beep_time;
  86   3            if(bt < 0)bt = bt + 65535;
  87   3            //是否已经禁用超过5秒
  88   3            if(bt >= 5000){
  89   4              //启用蜂鸣器
  90   4              en_beep = true;
  91   4            }
  92   3          }
  93   2          
  94   2          if(t >= 500 && en_beep){
  95   3            beep_lasttime = currtime;
  96   3            togg_beep();
  97   3          }
  98   2        }else{
  99   2          set_beep(false);
 100   2        }
 101   1      
 102   1        
 103   1      }
 104          
 105          void main(){
 106   1      
 107   1        init();
 108   1        while(1){
 109   2          mode1();
 110   2        }
 111   1      
 112   1      }
 113          
 114          void uart_int() interrupt 4
 115          {
 116   1          
C51 COMPILER V9.59.0.0   MAIN                                                              11/13/2020 11:35:17 PAGE 3   

 117   1          if(RI){
 118   2            temp = SBUF;
 119   2            RI = 0;     
 120   2          }
 121   1          
 122   1          if(TI){
 123   2            TI = 0;
 124   2          }
 125   1      
 126   1      }
 127          
 128          void timer0_int() interrupt 1{
 129   1        currtime++;
 130   1      }


MODULE INFORMATION:   STATIC OVERLAYABLE
   CODE SIZE        =    356    ----
   CONSTANT SIZE    =     13    ----
   XDATA SIZE       =   ----    ----
   PDATA SIZE       =   ----    ----
   DATA SIZE        =     22       1
   IDATA SIZE       =   ----    ----
   BIT SIZE         =   ----    ----
END OF MODULE INFORMATION.


C51 COMPILATION COMPLETE.  0 WARNING(S),  0 ERROR(S)
