C51 COMPILER V9.59.0.0   TIM                                                               11/13/2020 11:35:17 PAGE 1   


C51 COMPILER V9.59.0.0, COMPILATION OF MODULE TIM
OBJECT MODULE PLACED IN .\Objects\tim.obj
COMPILER INVOKED BY: C:\Keil_v5\C51\BIN\C51.EXE tim.c OPTIMIZE(8,SPEED) BROWSE DEBUG OBJECTEXTEND PRINT(.\Listings\tim.l
                    -st) TABS(2) OBJECT(.\Objects\tim.obj)

line level    source

   1          #include <STC15F2K60S2.H>
   2          
   3          void Cls_Peripheral(void){
   4   1        P0 = 0xFF;
   5   1        P2 = P2 & 0x1F | 0x80;      // P27~P25清零，再定位Y4C
   6   1        P2 &= 0x1F;           // P27~P25清零
   7   1        P0 = 0;
   8   1        P2 = P2 & 0x1F | 0xA0;      // P27~P25清零，再定位Y5C
   9   1        P2 &= 0x1F;           // P27~P25清零
  10   1      }
  11          
  12          void Timer0Init(void) //（我们的T0用的是16位自动重装定时器模式）
  13          {
  14   1        TMOD=0x00;// 16位自动重装
  15   1        TL0 = (65536-1000)%256;
  16   1        TH0 = (65536-1000)/256;
  17   1        EA=1;   //打开全局中断
  18   1        ET0=1;  //打开定时器1中断
  19   1        //TF0 = 0;//中断溢出清零，对于TMOD=0x00模式来说，该操作由系统自动完成
  20   1        TR0 = 1;//开启定时器0
  21   1      }


MODULE INFORMATION:   STATIC OVERLAYABLE
   CODE SIZE        =     45    ----
   CONSTANT SIZE    =   ----    ----
   XDATA SIZE       =   ----    ----
   PDATA SIZE       =   ----    ----
   DATA SIZE        =   ----    ----
   IDATA SIZE       =   ----    ----
   BIT SIZE         =   ----    ----
END OF MODULE INFORMATION.


C51 COMPILATION COMPLETE.  0 WARNING(S),  0 ERROR(S)
