C51 COMPILER V9.59.0.0   UART                                                              11/13/2020 11:35:17 PAGE 1   


C51 COMPILER V9.59.0.0, COMPILATION OF MODULE UART
OBJECT MODULE PLACED IN .\Objects\uart.obj
COMPILER INVOKED BY: C:\Keil_v5\C51\BIN\C51.EXE uart.c OPTIMIZE(8,SPEED) BROWSE DEBUG OBJECTEXTEND PRINT(.\Listings\uart
                    -.lst) TABS(2) OBJECT(.\Objects\uart.obj)

line level    source

   1          #include <STC15F2K60S2.H>
   2          #include "typedef.h"
   3          
   4          void uart_init(void)    //9600bps@12.000MHz
   5          {
   6   1        SCON = 0x50;    //8位数据,可变波特率
   7   1        AUXR |= 0x40;   //定时器1时钟为Fosc,即1T
   8   1        AUXR &= 0xFE;   //串口1选择定时器1为波特率发生器
   9   1        TMOD &= 0x0F;   //设定定时器1为16位自动重装方式
  10   1        TL1 = 0xC7;   //设定定时初值
  11   1        TH1 = 0xFE;   //设定定时初值
  12   1        ET1 = 0;    //禁止定时器1中断
  13   1        IE = 0x90;
  14   1        TR1 = 1;    //启动定时器1
  15   1      }
  16          
  17          
  18          void send_byte(unsigned char x){
  19   1        
  20   1        SBUF=x;
  21   1        while(TI==0);
  22   1        TI=0;
  23   1      }
  24          
  25          void send_string(char *s){
  26   1        
  27   1        while(*s){
  28   2          send_byte(*s++);
  29   2        }
  30   1        
  31   1      }


MODULE INFORMATION:   STATIC OVERLAYABLE
   CODE SIZE        =     71    ----
   CONSTANT SIZE    =   ----    ----
   XDATA SIZE       =   ----    ----
   PDATA SIZE       =   ----    ----
   DATA SIZE        =   ----       3
   IDATA SIZE       =   ----    ----
   BIT SIZE         =   ----    ----
END OF MODULE INFORMATION.


C51 COMPILATION COMPLETE.  0 WARNING(S),  0 ERROR(S)
